<?xml version="1.0" encoding="UTF-8"?>
<testsuites name="jest tests" tests="2" failures="0" time="5.345">
  <testsuite name="undefined" errors="0" failures="0" skipped="0" timestamp="2023-05-12T20:56:31" time="4.271" tests="2">
    <testcase classname=" Test getting pokemon details" name=" Test getting pokemon details" time="0.11">
    </testcase>
    <testcase classname=" Test getting next evolution" name=" Test getting next evolution" time="0.113">
    </testcase>
  </testsuite>
</testsuites>